\BOOKMARK [0][-]{chapter.1}{Introduction}{}% 1
\BOOKMARK [1][-]{section.1.1}{Objectives of the project}{chapter.1}% 2
\BOOKMARK [1][-]{section.1.2}{What is pyroomacoustics?}{chapter.1}% 3
\BOOKMARK [1][-]{section.1.3}{What is TensorFlow?}{chapter.1}% 4
\BOOKMARK [0][-]{chapter.2}{Theoretical knowledge}{}% 5
\BOOKMARK [1][-]{section.2.1}{Training the Neural Network}{chapter.2}% 6
\BOOKMARK [1][-]{section.2.2}{The GoogleSpeechCommands Dataset: Basic informations}{chapter.2}% 7
\BOOKMARK [1][-]{section.2.3}{Signal-to-noise ratio, beamforming}{chapter.2}% 8
\BOOKMARK [1][-]{section.2.4}{Algorithms}{chapter.2}% 9
\BOOKMARK [2][-]{subsection.2.4.1}{Single Noise Channel Removal \(SCNR\)}{section.2.4}% 10
\BOOKMARK [2][-]{subsection.2.4.2}{Beamforming: Delay and Sum}{section.2.4}% 11
\BOOKMARK [0][-]{chapter.3}{Implementation}{}% 12
\BOOKMARK [1][-]{section.3.1}{The GoogleSpeechCommands Dataset}{chapter.3}% 13
\BOOKMARK [1][-]{section.3.2}{How to label a file?}{chapter.3}% 14
\BOOKMARK [1][-]{section.3.3}{How to synthesize noisy signals}{chapter.3}% 15
\BOOKMARK [1][-]{section.3.4}{Testing the performance of the algorithms}{chapter.3}% 16
\BOOKMARK [2][-]{subsection.3.4.1}{SCNR}{section.3.4}% 17
\BOOKMARK [2][-]{subsection.3.4.2}{DAS beamforming}{section.3.4}% 18
\BOOKMARK [0][-]{chapter.4}{Results}{}% 19
\BOOKMARK [1][-]{section.4.1}{Analyse improvement of Single Noise Channel Removal}{chapter.4}% 20
\BOOKMARK [1][-]{section.4.2}{Analyse improvement of Beamforming}{chapter.4}% 21
\BOOKMARK [0][-]{chapter.5}{Conclusion}{}% 22
\BOOKMARK [1][-]{section.5.1}{Where are we now?}{chapter.5}% 23
\BOOKMARK [1][-]{section.5.2}{What's next?}{chapter.5}% 24
